<?xml version="1.0" encoding="UTF-8"?>
<!-- Generated by org.testng.reporters.JUnitReportReporter -->
<testsuite hostname="DESKTOP-JUOQ8HG" failures="0" tests="5" name="com.practice.testcases.TC_Login_DataDriven_003" time="12.898" errors="0" timestamp="2020-05-18T02:32:48 EDT" skipped="0">
  <testcase classname="com.practice.testcases.TC_Login_DataDriven_003" name="DataDrivenLogin" time="2.514"/>
  <system-out/>
  <testcase classname="com.practice.testcases.TC_Login_DataDriven_003" name="DataDrivenLogin" time="3.091"/>
  <system-out/>
  <testcase classname="com.practice.testcases.TC_Login_DataDriven_003" name="DataDrivenLogin" time="2.457"/>
  <system-out/>
  <testcase classname="com.practice.testcases.TC_Login_DataDriven_003" name="DataDrivenLogin" time="2.421"/>
  <system-out/>
  <testcase classname="com.practice.testcases.TC_Login_DataDriven_003" name="DataDrivenLogin" time="2.415"/>
  <system-out/>
</testsuite> <!-- com.practice.testcases.TC_Login_DataDriven_003 -->
