<?xml version="1.0" encoding="UTF-8"?>
<!-- Generated by org.testng.reporters.JUnitReportReporter -->
<testsuite hostname="DESKTOP-JUOQ8HG" failures="0" tests="5" name="com.practice.testcases.TC_Login_DataDriven_003" time="13.193" errors="0" timestamp="2020-05-17T21:34:10 EDT" skipped="0">
  <testcase classname="com.practice.testcases.TC_Login_DataDriven_003" name="DataDrivenLogin" time="2.505"/>
  <system-out/>
  <testcase classname="com.practice.testcases.TC_Login_DataDriven_003" name="DataDrivenLogin" time="2.547"/>
  <system-out/>
  <testcase classname="com.practice.testcases.TC_Login_DataDriven_003" name="DataDrivenLogin" time="3.128"/>
  <system-out/>
  <testcase classname="com.practice.testcases.TC_Login_DataDriven_003" name="DataDrivenLogin" time="2.535"/>
  <system-out/>
  <testcase classname="com.practice.testcases.TC_Login_DataDriven_003" name="DataDrivenLogin" time="2.478"/>
  <system-out/>
</testsuite> <!-- com.practice.testcases.TC_Login_DataDriven_003 -->
